nohup: ignoring input
W1030 11:33:31.542843  4377 device_context.cc:404] Please NOTE: device: 0, GPU Compute Capability: 7.0, Driver API Version: 10.1, Runtime API Version: 10.1
W1030 11:33:31.547699  4377 device_context.cc:422] device: 0, cuDNN Version: 7.6.
model parameters loaded
starting training
/opt/conda/envs/python35-paddle120-env/lib/python3.7/site-packages/paddle/fluid/framework.py:706: DeprecationWarning: `np.bool` is a deprecated alias for the builtin `bool`. To silence this warning, use `bool` by itself. Doing this will not modify any behavior and is safe. If you specifically wanted the numpy scalar type, use `np.bool_` here.
Deprecated in NumPy 1.20; for more details and guidance: https://numpy.org/devdocs/release/1.20.0-notes.html#deprecations
  elif dtype == np.bool:
loss : 7.1165, time : 86.4702
loss : 5.9756, time : 86.0942
loss : 5.5224, time : 86.3863
loss : 5.2888, time : 86.2479
loss : 5.1752, time : 86.3010
loss : 4.9448, time : 86.4617
loss : 4.8521, time : 86.6466
loss : 5.0415, time : 86.3737
loss : 4.6603, time : 86.1206
loss : 4.6451, time : 86.5101
loss : 4.5849, time : 86.4950
loss : 4.5589, time : 86.6601
loss : 4.4720, time : 86.4812
loss : 4.5170, time : 86.6119
loss : 4.4291, time : 86.7586
test loss : 4.337975792398577
loss : 4.4217, time : 86.0190
loss : 4.3898, time : 86.0594
loss : 4.3492, time : 86.2113
loss : 4.3258, time : 85.9620
loss : 4.3008, time : 85.8280
loss : 4.2574, time : 85.9889
loss : 4.3199, time : 86.1308
loss : 4.2459, time : 85.9282
loss : 4.2594, time : 86.0831
loss : 4.1871, time : 86.3349
loss : 4.1849, time : 86.9322
loss : 4.1726, time : 86.2990
loss : 4.1587, time : 86.4263
loss : 4.1205, time : 86.3495
loss : 4.0972, time : 86.3450
test loss : 3.961581709801407
loss : 4.0744, time : 86.5213
loss : 4.0857, time : 86.2184
loss : 4.0532, time : 86.7390
loss : 4.0652, time : 86.5480
loss : 4.0249, time : 86.3766
loss : 4.0465, time : 86.4072
loss : 4.0177, time : 86.3562
loss : 3.9978, time : 86.1540
loss : 3.9775, time : 86.2794
loss : 3.9695, time : 86.3038
loss : 3.9917, time : 86.4138
loss : 3.9795, time : 86.4033
loss : 3.9672, time : 86.3096
loss : 3.9400, time : 86.5894
loss : 3.9392, time : 86.3267
test loss : 3.8303874201229635
loss : 3.9253, time : 86.4466
loss : 3.9173, time : 86.2298
loss : 3.8859, time : 86.1518
loss : 3.8706, time : 86.1981
loss : 3.9018, time : 86.2212
loss : 3.9280, time : 86.2000
loss : 3.8776, time : 86.4279
loss : 3.8507, time : 86.2629
loss : 3.8426, time : 86.2256
loss : 3.8357, time : 86.7522
loss : 3.8528, time : 86.6684
loss : 3.8350, time : 86.4118
loss : 3.8399, time : 86.7718
loss : 3.8434, time : 86.8118
loss : 3.8255, time : 86.3719
test loss : 3.7245170365352407
loss : 3.8049, time : 86.1807
loss : 3.7934, time : 86.2297
loss : 3.7939, time : 86.2802
loss : 3.8158, time : 86.3401
loss : 3.8050, time : 86.1849
loss : 3.7711, time : 86.2107
loss : 3.7394, time : 86.3336
loss : 3.7843, time : 86.6075
loss : 3.7532, time : 86.3030
loss : 3.7522, time : 86.0815
loss : 3.7909, time : 86.6913
loss : 3.7580, time : 86.8823
loss : 3.7592, time : 86.6592
loss : 3.7452, time : 86.3950
loss : 3.7260, time : 86.7544
test loss : 3.65015193802395
sampling...
loss : 3.7435, time : 86.5182
loss : 3.7247, time : 86.2666
loss : 3.7002, time : 86.2061
loss : 3.7525, time : 86.6289
loss : 3.7248, time : 86.2742
loss : 3.7249, time : 86.2722
loss : 3.7041, time : 86.8380
loss : 3.7191, time : 86.4963
loss : 3.6810, time : 86.4891
loss : 3.6801, time : 86.6154
loss : 3.6934, time : 87.1803
loss : 3.6803, time : 86.5429
loss : 3.6826, time : 86.5737
loss : 3.6839, time : 86.4077
loss : 3.6825, time : 86.4531
test loss : 3.6244427671245663
loss : 3.6629, time : 86.4180
loss : 3.6733, time : 86.2526
loss : 3.6439, time : 86.1548
loss : 3.6536, time : 86.6341
loss : 3.6525, time : 86.3587
loss : 3.6505, time : 86.2197
loss : 3.6336, time : 86.5968
loss : 3.6446, time : 86.5100
loss : 3.6339, time : 86.8928
loss : 3.6558, time : 86.6559
loss : 3.6166, time : 86.3230
loss : 3.6230, time : 86.6089
loss : 3.6155, time : 86.5307
loss : 3.6144, time : 86.3531
loss : 3.6285, time : 86.3550
test loss : 3.5793613017780412
loss : 3.6011, time : 86.6254
loss : 3.6120, time : 86.2328
loss : 3.5947, time : 86.2261
loss : 3.6338, time : 86.2334
loss : 3.5814, time : 86.0571
loss : 3.5918, time : 86.3488
loss : 3.5715, time : 86.5459
loss : 3.5893, time : 86.2482
loss : 3.5714, time : 86.3606
loss : 3.5936, time : 86.4196
loss : 3.5685, time : 86.1545
loss : 3.5619, time : 86.2939
loss : 3.5794, time : 87.2738
loss : 3.5570, time : 87.3247
loss : 3.5660, time : 87.3704
test loss : 3.5604662432832725
loss : 3.5629, time : 87.2849
loss : 3.5802, time : 86.9027
loss : 3.5465, time : 86.9618
loss : 3.5672, time : 86.6610
loss : 3.5372, time : 86.9465
loss : 3.5286, time : 87.1511
loss : 3.5594, time : 87.0881
loss : 3.5541, time : 86.9405
loss : 3.5433, time : 86.9501
loss : 3.5342, time : 87.2447
loss : 3.5116, time : 87.3317
loss : 3.5462, time : 87.1287
loss : 3.5231, time : 87.3228
loss : 3.5287, time : 87.2191
loss : 3.5442, time : 87.3713
test loss : 3.4459161934097655
loss : 3.5259, time : 86.8998
loss : 3.5082, time : 87.1468
loss : 3.5214, time : 86.8508
loss : 3.5215, time : 87.0712
loss : 3.5200, time : 86.8938
loss : 3.5139, time : 87.0449
loss : 3.4807, time : 87.0523
loss : 3.5192, time : 87.1410
loss : 3.5258, time : 87.2000
loss : 3.5116, time : 87.0790
loss : 3.4862, time : 87.0859
loss : 3.5034, time : 87.3054
loss : 3.4906, time : 86.9987
loss : 3.4833, time : 87.1027
loss : 3.4771, time : 87.2623
test loss : 3.4447933693524395
sampling...
loss : 3.4770, time : 86.9904
loss : 3.4799, time : 86.5626
loss : 3.4760, time : 86.8794
loss : 3.4735, time : 86.8927
loss : 3.4985, time : 86.9673
loss : 3.4893, time : 86.8367
loss : 3.5110, time : 86.8357
loss : 3.4890, time : 86.9693
loss : 3.4735, time : 86.8669
loss : 3.4446, time : 86.7184
loss : 3.4529, time : 86.9783
loss : 3.4634, time : 87.1355
loss : 3.4637, time : 87.1398
loss : 3.4665, time : 87.0616
loss : 3.4539, time : 87.3172
test loss : 3.3783005299910003
loss : 3.4612, time : 87.0860
loss : 3.4538, time : 87.4229
loss : 3.4390, time : 87.0460
loss : 3.4390, time : 87.0011
loss : 3.4478, time : 87.4792
loss : 3.4600, time : 87.2893
loss : 3.4449, time : 87.1312
loss : 3.4362, time : 87.2429
loss : 3.4472, time : 87.2806
loss : 3.4206, time : 87.1137
loss : 3.4374, time : 87.3130
loss : 3.4421, time : 87.0643
loss : 3.4315, time : 87.3263
loss : 3.4296, time : 87.3488
loss : 3.4236, time : 86.9724
test loss : 3.3811259674976615
loss : 3.4395, time : 87.2028
loss : 3.4140, time : 87.1182
loss : 3.4267, time : 87.3259
loss : 3.4200, time : 86.8923
loss : 3.4367, time : 87.3659
loss : 3.4052, time : 87.2327
loss : 3.4170, time : 87.2234
loss : 3.4248, time : 87.1959
loss : 3.4325, time : 87.2887
loss : 3.4083, time : 87.1691
loss : 3.4352, time : 87.1056
loss : 3.3944, time : 87.2102
loss : 3.4286, time : 87.3911
loss : 3.4059, time : 87.3135
loss : 3.4004, time : 87.0505
test loss : 3.3508977937789926
loss : 3.4151, time : 86.9320
loss : 3.3888, time : 86.9936
loss : 3.4100, time : 86.0122
loss : 3.4122, time : 85.4447
loss : 3.4119, time : 86.1662
loss : 3.3893, time : 86.2461
loss : 3.4193, time : 86.1049
loss : 3.3941, time : 86.6782
loss : 3.3703, time : 86.7107
loss : 3.3996, time : 86.5204
loss : 3.3891, time : 87.2854
loss : 3.3837, time : 87.2347
loss : 3.3946, time : 86.9700
loss : 3.3795, time : 86.7943
loss : 3.3903, time : 86.7806
test loss : 3.30307378138555
loss : 3.3805, time : 86.5849
loss : 3.3867, time : 86.8123
loss : 3.3834, time : 86.5167
loss : 3.3924, time : 86.7855
loss : 3.3674, time : 86.6977
loss : 3.3782, time : 86.6716
loss : 3.3648, time : 87.0742
loss : 3.3505, time : 86.5706
loss : 3.3684, time : 86.6340
loss : 3.3570, time : 86.8140
loss : 3.3922, time : 86.5914
loss : 3.3980, time : 86.7715
loss : 3.3770, time : 86.7208
loss : 3.3666, time : 86.8459
loss : 3.3584, time : 86.8859
test loss : 3.287537510775167
sampling...
loss : 3.3477, time : 86.7302
loss : 3.3665, time : 86.7115
loss : 3.3774, time : 86.4354
loss : 3.3484, time : 86.5908
loss : 3.3842, time : 86.5696
loss : 3.3549, time : 86.8090
loss : 3.3769, time : 86.8919
loss : 3.3475, time : 87.3364
loss : 3.3468, time : 86.8322
loss : 3.3706, time : 87.0080
loss : 3.3687, time : 86.8934
loss : 3.3475, time : 87.0175
loss : 3.3773, time : 86.8208
loss : 3.3466, time : 86.4445
loss : 3.3476, time : 86.5419
test loss : 3.279775332357233
loss : 3.3343, time : 86.7619
loss : 3.3390, time : 86.6946
loss : 3.3567, time : 86.5296
loss : 3.3374, time : 86.3086
loss : 3.3401, time : 86.4407
loss : 3.3287, time : 86.6450
loss : 3.3588, time : 86.3428
loss : 3.3519, time : 86.7153
loss : 3.3418, time : 86.2787
loss : 3.3330, time : 86.7205
loss : 3.3153, time : 86.6074
loss : 3.3241, time : 86.8460
loss : 3.3732, time : 87.1502
loss : 3.3509, time : 86.8262
loss : 3.3581, time : 86.5600
test loss : 3.270218505731167
loss : 3.3265, time : 86.9340
loss : 3.3351, time : 86.6314
loss : 3.3184, time : 86.8984
loss : 3.3427, time : 86.8135
loss : 3.3489, time : 86.7778
loss : 3.3159, time : 86.6578
loss : 3.3405, time : 86.8433
loss : 3.3481, time : 86.6693
loss : 3.3180, time : 86.7553
loss : 3.3436, time : 87.2221
loss : 3.3109, time : 86.9548
loss : 3.3109, time : 86.4820
loss : 3.3381, time : 86.9428
loss : 3.3118, time : 86.5949
loss : 3.3144, time : 86.8247
test loss : 3.280657074463276
loss : 3.3180, time : 86.6608
loss : 3.3053, time : 86.9196
loss : 3.3217, time : 86.8016
loss : 3.3310, time : 86.8099
loss : 3.2844, time : 86.9832
loss : 3.2978, time : 87.0117
loss : 3.3181, time : 86.8212
loss : 3.3247, time : 86.7614
loss : 3.3236, time : 86.8741
loss : 3.3251, time : 86.8173
loss : 3.3125, time : 86.7519
loss : 3.3073, time : 86.6678
loss : 3.3067, time : 86.7497
loss : 3.3022, time : 86.6953
loss : 3.3015, time : 86.3798
test loss : 3.286516185330553
loss : 3.3320, time : 86.8275
loss : 3.2976, time : 86.4958
loss : 3.3054, time : 85.9213
loss : 3.3172, time : 85.9944
loss : 3.3110, time : 85.9781
loss : 3.2912, time : 85.7205
loss : 3.2886, time : 85.7070
loss : 3.2805, time : 85.7512
loss : 3.2885, time : 85.8841
loss : 3.3131, time : 85.9119
loss : 3.3009, time : 85.9852
loss : 3.3005, time : 85.7294
loss : 3.3155, time : 86.0818
loss : 3.3223, time : 86.0331
loss : 3.2999, time : 86.0799
test loss : 3.244386686421422
sampling...
loss : 3.3179, time : 85.9148
loss : 3.2892, time : 86.0916
loss : 3.3283, time : 85.7296
loss : 3.2819, time : 85.9925
loss : 3.3231, time : 86.0411
loss : 3.2971, time : 85.9202
loss : 3.3204, time : 85.8315
loss : 3.2865, time : 86.0075
loss : 3.2850, time : 85.9932
loss : 3.2705, time : 85.8449
loss : 3.3117, time : 85.9539
loss : 3.2796, time : 86.0241
loss : 3.2990, time : 85.8872
loss : 3.2632, time : 86.0099
loss : 3.2738, time : 85.7212
test loss : 3.231980935006414
loss : 3.2956, time : 85.9568
loss : 3.2744, time : 85.5084
loss : 3.2904, time : 85.5470
loss : 3.2853, time : 85.8968
loss : 3.2739, time : 85.7641
loss : 3.2705, time : 85.9254
loss : 3.2938, time : 85.7808
loss : 3.2694, time : 86.1176
loss : 3.2793, time : 85.7455
loss : 3.2847, time : 85.8086
loss : 3.2695, time : 85.9580
loss : 3.2688, time : 85.9498
loss : 3.2914, time : 86.0034
loss : 3.2823, time : 85.9518
loss : 3.2802, time : 85.7776
test loss : 3.2387276361295734
loss : 3.2501, time : 86.0739
loss : 3.2724, time : 85.4128
loss : 3.2709, time : 85.6604
loss : 3.2631, time : 85.8253
loss : 3.2747, time : 85.6748
loss : 3.2833, time : 86.0547
loss : 3.2730, time : 86.0193
loss : 3.2746, time : 86.4698
loss : 3.2447, time : 86.2178
loss : 3.2825, time : 86.0179
loss : 3.2715, time : 85.8427
loss : 3.2658, time : 85.8357
loss : 3.2642, time : 85.8359
loss : 3.2862, time : 85.8195
loss : 3.2728, time : 85.8106
test loss : 3.2324829911990745
loss : 3.2756, time : 85.8968
loss : 3.2746, time : 85.8392
loss : 3.2814, time : 85.9827
loss : 3.2644, time : 85.8561
loss : 3.2757, time : 86.1566
loss : 3.2972, time : 85.9678
loss : 3.2466, time : 86.2101
loss : 3.2557, time : 86.0628
loss : 3.2461, time : 85.8014
loss : 3.2419, time : 86.1649
loss : 3.2550, time : 86.5172
loss : 3.2594, time : 86.2445
loss : 3.2686, time : 86.0903
loss : 3.2513, time : 85.8450
loss : 3.2674, time : 86.3797
test loss : 3.2111093675609523
loss : 3.2863, time : 85.6071
loss : 3.2443, time : 85.6632
loss : 3.2602, time : 85.6860
loss : 3.2565, time : 85.8510
loss : 3.2514, time : 85.7144
loss : 3.2483, time : 86.0127
loss : 3.2461, time : 85.9106
loss : 3.2619, time : 85.9593
loss : 3.2473, time : 86.0489
loss : 3.2568, time : 85.8431
loss : 3.2503, time : 86.0456
loss : 3.2428, time : 86.0705
loss : 3.2804, time : 85.6688
loss : 3.2516, time : 85.9906
loss : 3.2620, time : 86.0081
test loss : 3.2091812105154482
sampling...
loss : 3.2521, time : 85.8876
loss : 3.2415, time : 85.6175
loss : 3.2126, time : 85.8066
loss : 3.2474, time : 85.6956
loss : 3.2606, time : 85.9400
loss : 3.2578, time : 85.8902
loss : 3.2563, time : 85.7504
loss : 3.2596, time : 85.9951
loss : 3.2547, time : 86.0270
loss : 3.2503, time : 85.9345
loss : 3.2310, time : 85.8919
loss : 3.2413, time : 86.0722
loss : 3.2296, time : 85.6809
loss : 3.2528, time : 85.8698
loss : 3.2464, time : 85.8960
test loss : 3.233024907422378
loss : 3.2297, time : 85.5073
loss : 3.2327, time : 85.6053
loss : 3.2350, time : 85.6334
loss : 3.2441, time : 85.6662
loss : 3.2299, time : 86.3373
loss : 3.2620, time : 85.9152
loss : 3.2551, time : 85.9655
loss : 3.2406, time : 86.1048
loss : 3.2342, time : 85.8933
loss : 3.2248, time : 85.8460
loss : 3.2411, time : 85.8048
loss : 3.2447, time : 85.9610
loss : 3.2559, time : 85.9618
loss : 3.2504, time : 85.7679
loss : 3.2335, time : 86.6880
test loss : 3.2112524719206768
loss : 3.2216, time : 87.4397
loss : 3.2413, time : 87.0669
loss : 3.2258, time : 87.0912
loss : 3.2344, time : 87.0087
loss : 3.2282, time : 86.8280
loss : 3.2512, time : 86.4108
loss : 3.2235, time : 86.5838
loss : 3.2549, time : 86.6107
loss : 3.2209, time : 86.7597
loss : 3.2459, time : 86.7380
loss : 3.2367, time : 86.8977
loss : 3.2134, time : 86.5399
loss : 3.2483, time : 86.8298
loss : 3.2330, time : 86.9775
loss : 3.2358, time : 86.9822
test loss : 3.209516926567615
loss : 3.2459, time : 86.5314
loss : 3.2216, time : 86.7682
loss : 3.2432, time : 86.7651
loss : 3.2398, time : 86.6489
loss : 3.2107, time : 86.5439
loss : 3.2480, time : 86.6903
loss : 3.2335, time : 86.7262
loss : 3.2113, time : 86.7098
loss : 3.2347, time : 86.5064
loss : 3.2200, time : 86.6138
loss : 3.2375, time : 86.3138
loss : 3.2231, time : 86.5829
loss : 3.2202, time : 86.5105
loss : 3.1998, time : 86.3725
loss : 3.2407, time : 86.6648
test loss : 3.197029425326187
loss : 3.2209, time : 86.7628
loss : 3.2438, time : 86.8930
loss : 3.2024, time : 86.5855
loss : 3.1835, time : 86.7509
loss : 3.2270, time : 86.7925
loss : 3.2196, time : 86.7206
loss : 3.2174, time : 86.6135
loss : 3.2168, time : 86.5272
loss : 3.2186, time : 86.6260
loss : 3.2308, time : 86.6507
loss : 3.2170, time : 86.5840
loss : 3.2136, time : 86.5892
loss : 3.2108, time : 86.8942
loss : 3.2234, time : 86.5755
loss : 3.2368, time : 86.3442
test loss : 3.193023930894834
sampling...
loss : 3.2164, time : 86.7387
loss : 3.2036, time : 86.5945
loss : 3.2402, time : 86.6828
loss : 3.2053, time : 87.0338
loss : 3.2269, time : 86.7112
loss : 3.2289, time : 86.7407
loss : 3.2155, time : 86.5714
loss : 3.2412, time : 86.4503
loss : 3.2029, time : 86.6490
loss : 3.2069, time : 86.7856
loss : 3.1902, time : 86.9138
loss : 3.1940, time : 86.5039
loss : 3.1924, time : 86.6721
loss : 3.2063, time : 86.7884
loss : 3.2215, time : 86.4849
test loss : 3.172412154154228
loss : 3.2026, time : 86.6631
loss : 3.2089, time : 86.6693
loss : 3.2020, time : 86.7858
loss : 3.1937, time : 86.5791
loss : 3.2259, time : 86.4449
loss : 3.2276, time : 86.5449
loss : 3.2436, time : 86.8445
loss : 3.2179, time : 86.4945
loss : 3.2076, time : 86.7065
loss : 3.2207, time : 86.6157
loss : 3.1929, time : 86.8173
loss : 3.2169, time : 86.7777
loss : 3.2124, time : 86.8029
loss : 3.2069, time : 86.8974
loss : 3.1856, time : 86.7094
test loss : 3.155256910620524
loss : 3.1920, time : 86.8802
loss : 3.2107, time : 86.8461
loss : 3.2155, time : 86.7753
loss : 3.1992, time : 86.6303
loss : 3.1882, time : 86.7554
loss : 3.2018, time : 87.0471
loss : 3.1944, time : 86.8207
loss : 3.2224, time : 86.8183
loss : 3.2296, time : 86.7199
loss : 3.1978, time : 85.8623
loss : 3.1898, time : 85.7515
loss : 3.1961, time : 85.7270
loss : 3.2048, time : 85.8143
loss : 3.2103, time : 85.6306
loss : 3.1889, time : 85.5583
test loss : 3.1634413097750227
loss : 3.1822, time : 85.6334
loss : 3.2068, time : 85.9287
loss : 3.2406, time : 85.7371
loss : 3.1987, time : 85.5292
loss : 3.2049, time : 86.4044
loss : 3.2029, time : 87.2071
loss : 3.2048, time : 87.1262
loss : 3.1943, time : 86.9804
loss : 3.2163, time : 86.8244
loss : 3.1999, time : 86.7420
loss : 3.1868, time : 86.5251
loss : 3.1815, time : 86.7522
loss : 3.2057, time : 86.7789
loss : 3.2310, time : 86.5685
loss : 3.1903, time : 86.6317
test loss : 3.1581389625967184
loss : 3.1870, time : 86.8377
loss : 3.1846, time : 86.8265
loss : 3.1463, time : 86.6949
loss : 3.1954, time : 86.7703
loss : 3.2064, time : 86.7029
loss : 3.1814, time : 86.7179
loss : 3.2095, time : 86.5799
loss : 3.1997, time : 86.7603
loss : 3.1841, time : 86.6660
loss : 3.1792, time : 86.7776
loss : 3.2029, time : 86.9050
loss : 3.1792, time : 86.5385
loss : 3.2002, time : 86.5590
loss : 3.2067, time : 86.6800
loss : 3.2071, time : 86.5602
test loss : 3.168220698026266
sampling...
loss : 3.2318, time : 86.5869
loss : 3.2132, time : 86.4518
loss : 3.1689, time : 86.9289
loss : 3.1521, time : 87.0300
loss : 3.1716, time : 86.5545
loss : 3.1958, time : 86.3973
loss : 3.1879, time : 86.6178
loss : 3.2170, time : 86.7784
loss : 3.1833, time : 86.5185
loss : 3.1978, time : 86.3983
loss : 3.1802, time : 86.7919
loss : 3.2257, time : 86.2515
loss : 3.2148, time : 86.5893
loss : 3.1839, time : 86.7524
loss : 3.1999, time : 86.5002
test loss : 3.140716503145904
loss : 3.1983, time : 86.4180
loss : 3.1843, time : 86.2967
loss : 3.2010, time : 86.3119
loss : 3.1707, time : 86.4970
loss : 3.1875, time : 86.1533
loss : 3.1749, time : 86.3834
loss : 3.1821, time : 86.4050
loss : 3.1868, time : 86.5284
loss : 3.2002, time : 86.8562
loss : 3.1704, time : 86.9816
loss : 3.1891, time : 86.5406
loss : 3.1940, time : 86.5332
loss : 3.1742, time : 86.7390
loss : 3.1939, time : 86.6690
loss : 3.1661, time : 86.5561
test loss : 3.155211399202989
loss : 3.1870, time : 86.4752
loss : 3.1808, time : 86.4510
loss : 3.1941, time : 86.4412
loss : 3.1879, time : 86.3809
loss : 3.1821, time : 86.4274
loss : 3.1723, time : 86.5106
loss : 3.1712, time : 86.3885
loss : 3.1936, time : 86.7801
loss : 3.1711, time : 86.3954
loss : 3.1666, time : 86.7447
loss : 3.1922, time : 86.6111
loss : 3.1792, time : 86.9467
loss : 3.1798, time : 86.6247
loss : 3.1817, time : 86.6559
loss : 3.2142, time : 86.5213
test loss : 3.177166053467048
loss : 3.2068, time : 86.4883
loss : 3.2025, time : 86.3996
loss : 3.1747, time : 86.5712
loss : 3.1945, time : 86.4629
loss : 3.1744, time : 86.5485
loss : 3.1720, time : 86.4240
loss : 3.1752, time : 86.3507
loss : 3.1718, time : 86.5624
loss : 3.1656, time : 86.3805
loss : 3.1991, time : 86.3850
loss : 3.2308, time : 86.4155
loss : 3.1712, time : 86.4332
loss : 3.1701, time : 86.5624
loss : 3.1851, time : 86.5806
loss : 3.2011, time : 86.4297
test loss : 3.139082602868198
loss : 3.1580, time : 86.5189
loss : 3.1821, time : 86.4036
loss : 3.1696, time : 86.4062
loss : 3.1760, time : 85.9361
loss : 3.1774, time : 85.4395
loss : 3.1729, time : 85.4618
loss : 3.2002, time : 85.5939
loss : 3.1963, time : 85.2182
loss : 3.1656, time : 85.3881
loss : 3.1714, time : 85.2680
loss : 3.1771, time : 85.4962
loss : 3.1899, time : 85.2987
loss : 3.1852, time : 85.2619
loss : 3.1847, time : 85.3049
loss : 3.1699, time : 85.6553
test loss : 3.1451138132605694
sampling...
loss : 3.1770, time : 85.5298
loss : 3.1655, time : 86.0939
loss : 3.1809, time : 85.6302
loss : 3.1812, time : 85.2485
loss : 3.1863, time : 85.5760
loss : 3.1616, time : 85.4916
loss : 3.1692, time : 85.1711
loss : 3.1731, time : 85.6938
loss : 3.1548, time : 86.2600
loss : 3.1771, time : 85.6966
loss : 3.1958, time : 85.8181
loss : 3.1767, time : 85.7476
loss : 3.1649, time : 85.6365
loss : 3.1537, time : 85.7808
loss : 3.1656, time : 85.9368
test loss : 3.1376206305027914
loss : 3.1669, time : 85.9180
loss : 3.1627, time : 85.7763
loss : 3.1601, time : 86.2722
loss : 3.1657, time : 85.9606
loss : 3.1599, time : 85.9851
loss : 3.1626, time : 85.9118
loss : 3.1724, time : 85.5411
loss : 3.1718, time : 85.6957
loss : 3.1741, time : 85.6298
loss : 3.1737, time : 85.6036
loss : 3.1706, time : 85.5600
loss : 3.1829, time : 85.6586
loss : 3.1640, time : 85.5628
loss : 3.1805, time : 86.0383
loss : 3.1669, time : 85.7519
test loss : 3.163118078553743
loss : 3.1952, time : 85.7495
loss : 3.1708, time : 85.4535
loss : 3.1687, time : 85.3427
loss : 3.1662, time : 85.5873
loss : 3.1573, time : 85.5060
loss : 3.1662, time : 85.6894
loss : 3.1713, time : 85.4801
loss : 3.1465, time : 85.3100
loss : 3.1593, time : 85.2675
loss : 3.1468, time : 85.7239
loss : 3.1527, time : 85.3594
loss : 3.1781, time : 85.3188
loss : 3.1712, time : 85.6480
loss : 3.1752, time : 85.4098
loss : 3.1723, time : 85.6339
test loss : 3.1371821065506356
loss : 3.1791, time : 85.9463
loss : 3.1818, time : 85.5721
loss : 3.1645, time : 85.5993
loss : 3.1530, time : 85.5412
loss : 3.1455, time : 86.3789
loss : 3.1560, time : 86.2306
loss : 3.1528, time : 85.5876
loss : 3.1548, time : 85.7549
loss : 3.1490, time : 85.2849
loss : 3.1568, time : 85.4934
loss : 3.1599, time : 85.4993
loss : 3.1672, time : 85.4908
loss : 3.1386, time : 85.8233
loss : 3.1657, time : 85.7754
loss : 3.1625, time : 86.1777
test loss : 3.125079384867896
loss : 3.1453, time : 85.2800
loss : 3.1463, time : 85.3835
loss : 3.1819, time : 85.6234
loss : 3.1644, time : 85.5084
loss : 3.1640, time : 85.6404
loss : 3.1527, time : 85.4037
loss : 3.1683, time : 85.3814
loss : 3.1542, time : 85.4128
loss : 3.1546, time : 85.6262
loss : 3.1611, time : 85.9879
loss : 3.1656, time : 85.3655
loss : 3.1408, time : 85.4529
loss : 3.1827, time : 85.4980
loss : 3.1500, time : 85.6284
loss : 3.1710, time : 85.4823
test loss : 3.121186989186592
sampling...
loss : 3.1576, time : 85.6787
loss : 3.1463, time : 85.6469
loss : 3.1614, time : 85.8343
loss : 3.1541, time : 85.7917
loss : 3.1464, time : 85.5774
loss : 3.1599, time : 85.7235
loss : 3.1709, time : 85.4490
loss : 3.1420, time : 85.7683
loss : 3.1689, time : 85.4149
loss : 3.1567, time : 85.7573
loss : 3.1711, time : 85.3196
loss : 3.1413, time : 85.5379
loss : 3.1513, time : 85.8640
loss : 3.1746, time : 85.7985
loss : 3.1510, time : 85.8857
test loss : 3.1170565532428665
loss : 3.1426, time : 85.8176
loss : 3.1523, time : 85.7668
loss : 3.1479, time : 85.8908
loss : 3.1395, time : 85.8585
loss : 3.1654, time : 85.9729
loss : 3.1331, time : 85.7275
loss : 3.1564, time : 85.9794
loss : 3.1646, time : 86.2686
loss : 3.1595, time : 85.6239
loss : 3.1560, time : 85.9708
loss : 3.1593, time : 85.9748
loss : 3.1360, time : 85.8613
loss : 3.1438, time : 85.6222
loss : 3.1424, time : 85.5695
loss : 3.1596, time : 85.7490
test loss : 3.116356330133213
loss : 3.1702, time : 85.7867
loss : 3.1467, time : 85.5254
loss : 3.1453, time : 85.7309
loss : 3.1388, time : 85.5668
loss : 3.1557, time : 85.4590
loss : 3.1531, time : 86.0573
loss : 3.1477, time : 85.8458
loss : 3.1308, time : 86.0196
loss : 3.1770, time : 86.3746
loss : 3.1518, time : 85.8958
loss : 3.1512, time : 86.0270
loss : 3.1551, time : 85.8767
loss : 3.1364, time : 85.8077
loss : 3.1598, time : 85.7773
loss : 3.1445, time : 85.7754
test loss : 3.112164680201145
loss : 3.1627, time : 85.8513
loss : 3.1598, time : 85.9475
loss : 3.1521, time : 85.7269
loss : 3.1447, time : 85.7483
loss : 3.1312, time : 85.8541
loss : 3.1342, time : 85.8097
loss : 3.1577, time : 85.5940
loss : 3.1552, time : 85.6531
loss : 3.1417, time : 85.4292
loss : 3.1334, time : 85.8653
loss : 3.1587, time : 86.2880
loss : 3.1613, time : 85.7947
loss : 3.1524, time : 85.6167
loss : 3.1436, time : 85.8340
loss : 3.1333, time : 85.8306
test loss : 3.11020176712625
loss : 3.1281, time : 85.4590
loss : 3.1440, time : 85.3391
loss : 3.1562, time : 85.4360
loss : 3.1465, time : 85.4600
loss : 3.1891, time : 85.5046
loss : 3.1333, time : 85.5847
loss : 3.1442, time : 85.5204
loss : 3.1607, time : 85.5483
loss : 3.1340, time : 85.6731
loss : 3.1354, time : 85.9667
loss : 3.1285, time : 85.7694
loss : 3.1235, time : 85.7732
loss : 3.1481, time : 85.6473
loss : 3.1351, time : 85.8188
loss : 3.1234, time : 85.8229
test loss : 3.1299975472146135
sampling...
loss : 3.1482, time : 85.0676
loss : 3.1489, time : 85.3371
loss : 3.1471, time : 85.1765
loss : 3.1440, time : 85.3410
loss : 3.1074, time : 85.4416
loss : 3.1406, time : 85.4287
loss : 3.1298, time : 85.3776
loss : 3.1493, time : 85.6454
loss : 3.1482, time : 86.2508
loss : 3.1261, time : 86.2237
loss : 3.1451, time : 85.8595
loss : 3.1676, time : 86.0979
loss : 3.1475, time : 86.0231
loss : 3.1433, time : 85.8916
loss : 3.1244, time : 85.9242
test loss : 3.1148768710156927
loss : 3.1238, time : 85.8741
loss : 3.1331, time : 85.8732
loss : 3.1387, time : 85.8174
loss : 3.1453, time : 86.2681
loss : 3.1461, time : 86.1519
loss : 3.1272, time : 86.2005
loss : 3.1307, time : 85.9877
loss : 3.1276, time : 85.9710
loss : 3.1495, time : 86.1676
loss : 3.1267, time : 86.6721
loss : 3.1630, time : 85.9432
loss : 3.1310, time : 85.9070
loss : 3.1314, time : 86.0578
loss : 3.1259, time : 86.0234
loss : 3.1440, time : 86.0233
test loss : 3.109901237614884
loss : 3.1333, time : 85.9081
loss : 3.1659, time : 85.8884
loss : 3.1431, time : 85.8708
loss : 3.1454, time : 85.7886
loss : 3.1287, time : 85.8933
loss : 3.1208, time : 85.8919
loss : 3.1154, time : 85.6109
loss : 3.1513, time : 85.4126
loss : 3.1183, time : 86.1924
loss : 3.1180, time : 85.6002
loss : 3.1364, time : 85.6057
loss : 3.1523, time : 85.5677
loss : 3.1395, time : 85.6013
loss : 3.1385, time : 85.5462
loss : 3.1286, time : 85.6953
test loss : 3.1106264969602413
loss : 3.1525, time : 85.5515
loss : 3.1274, time : 85.6588
loss : 3.1158, time : 85.7047
loss : 3.1405, time : 85.6157
loss : 3.1311, time : 85.6664
loss : 3.1191, time : 85.5091
loss : 3.1573, time : 85.4303
loss : 3.1480, time : 85.6354
loss : 3.1276, time : 86.0508
loss : 3.1103, time : 85.6868
loss : 3.1348, time : 85.5255
loss : 3.1535, time : 85.3270
loss : 3.1093, time : 85.5777
loss : 3.1431, time : 85.6017
loss : 3.1317, time : 85.5152
test loss : 3.100391132572447
loss : 3.1311, time : 86.0820
loss : 3.1333, time : 85.5455
loss : 3.1458, time : 85.6781
loss : 3.1257, time : 85.5377
loss : 3.1136, time : 85.5371
loss : 3.1271, time : 85.4311
loss : 3.1287, time : 85.5120
loss : 3.1414, time : 85.9662
loss : 3.1577, time : 85.8778
loss : 3.1238, time : 85.5321
loss : 3.1275, time : 85.6242
loss : 3.1452, time : 85.5971
loss : 3.1155, time : 85.6275
loss : 3.1283, time : 85.5981
loss : 3.1162, time : 85.4960
test loss : 3.1319382127617357
sampling...
loss : 3.1348, time : 85.9927
loss : 3.1531, time : 85.6459
loss : 3.1372, time : 85.6407
loss : 3.1245, time : 85.5792
loss : 3.1260, time : 85.8491
loss : 3.1049, time : 85.6396
loss : 3.0991, time : 85.4866
loss : 3.1232, time : 85.6343
loss : 3.1350, time : 85.7120
loss : 3.1459, time : 85.5167
loss : 3.1334, time : 85.9802
loss : 3.1220, time : 85.9730
loss : 3.1230, time : 85.9443
loss : 3.1056, time : 85.9635
loss : 3.1280, time : 85.9034
test loss : 3.1410652499351785
loss : 3.1490, time : 86.0785
loss : 3.1261, time : 85.9506
loss : 3.1221, time : 85.9059
loss : 3.1360, time : 86.0224
loss : 3.1134, time : 85.9291
loss : 3.1196, time : 85.9629
loss : 3.1359, time : 85.9937
loss : 3.1327, time : 86.1008
loss : 3.1203, time : 85.9706
loss : 3.0888, time : 85.8344
loss : 3.1505, time : 85.9138
loss : 3.1417, time : 85.8734
loss : 3.1139, time : 85.8714
loss : 3.1076, time : 86.0975
loss : 3.1384, time : 86.1826
test loss : 3.0966410231312462
loss : 3.1168, time : 85.9140
loss : 3.1221, time : 85.7455
loss : 3.1367, time : 85.7982
loss : 3.1094, time : 85.9123
loss : 3.1176, time : 85.8469
loss : 3.1281, time : 85.8016
loss : 3.1370, time : 85.8645
loss : 3.1339, time : 86.1795
loss : 3.1471, time : 85.9588
loss : 3.1026, time : 85.9517
loss : 3.1224, time : 85.9227
loss : 3.1346, time : 85.8247
loss : 3.1283, time : 86.0912
loss : 3.1271, time : 86.0965
loss : 3.0992, time : 86.2081
test loss : 3.1000089479175825
loss : 3.1020, time : 86.0365
loss : 3.1346, time : 86.1424
loss : 3.1100, time : 85.5116
loss : 3.0864, time : 85.4908
loss : 3.1238, time : 85.4022
loss : 3.1099, time : 85.2784
loss : 3.1203, time : 85.2216
loss : 3.1335, time : 85.3684
loss : 3.1099, time : 85.7388
loss : 3.1460, time : 85.9455
loss : 3.1220, time : 85.6234
loss : 3.1270, time : 85.6108
loss : 3.1490, time : 85.5605
loss : 3.1097, time : 85.5938
loss : 3.1330, time : 85.7086
test loss : 3.1003261238701314
loss : 3.0980, time : 85.4432
loss : 3.1134, time : 85.5426
loss : 3.1161, time : 85.3566
loss : 3.1241, time : 85.4713
loss : 3.1366, time : 85.7518
loss : 3.1183, time : 86.0641
loss : 3.1101, time : 86.1149
loss : 3.1210, time : 86.1797
loss : 3.1224, time : 85.8256
loss : 3.1200, time : 85.3248
loss : 3.1076, time : 85.5670
loss : 3.1182, time : 85.8236
loss : 3.1201, time : 86.0603
loss : 3.1126, time : 85.6940
loss : 3.1363, time : 85.7599
test loss : 3.09576559815139
sampling...
loss : 3.1082, time : 85.6081
loss : 3.1084, time : 85.7123
loss : 3.1281, time : 85.9812
loss : 3.1069, time : 85.5618
loss : 3.1088, time : 85.7941
loss : 3.1113, time : 86.4135
loss : 3.1044, time : 86.4788
loss : 3.1216, time : 86.6248
loss : 3.1271, time : 86.7076
loss : 3.1370, time : 86.4873
loss : 3.1222, time : 85.9704
loss : 3.1356, time : 85.5986
loss : 3.1411, time : 85.5486
loss : 3.1068, time : 85.4612
loss : 3.0965, time : 85.5679
test loss : 3.0858142736523675
loss : 3.1180, time : 85.5599
loss : 3.1075, time : 85.8217
loss : 3.1040, time : 85.6513
loss : 3.1059, time : 85.9973
loss : 3.1237, time : 85.6727
loss : 3.1282, time : 85.5914
loss : 3.1071, time : 85.5933
loss : 3.1078, time : 85.5771
loss : 3.1388, time : 85.5960
loss : 3.1074, time : 85.8183
loss : 3.1156, time : 85.4258
loss : 3.1030, time : 86.0669
loss : 3.1114, time : 85.9121
loss : 3.1104, time : 85.7358
loss : 3.1159, time : 85.8404
test loss : 3.1367382862725433
loss : 3.1176, time : 86.1964
loss : 3.0957, time : 85.7469
loss : 3.1198, time : 86.1115
loss : 3.1066, time : 86.0089
loss : 3.1141, time : 85.7598
loss : 3.1065, time : 85.8729
loss : 3.1214, time : 86.0016
loss : 3.0945, time : 85.9843
loss : 3.1184, time : 85.8203
loss : 3.1172, time : 86.0391
loss : 3.1238, time : 85.9717
loss : 3.1006, time : 86.1148
loss : 3.1310, time : 85.9619
loss : 3.1135, time : 85.9738
loss : 3.0845, time : 86.1086
test loss : 3.085367401329469
loss : 3.1201, time : 86.0104
loss : 3.1158, time : 85.8451
loss : 3.1231, time : 86.0296
loss : 3.0893, time : 85.9466
loss : 3.1290, time : 85.9263
loss : 3.1043, time : 86.0387
loss : 3.1036, time : 86.2505
loss : 3.1144, time : 86.0929
loss : 3.0988, time : 85.9665
loss : 3.1179, time : 86.2578
loss : 3.1009, time : 86.3349
loss : 3.0954, time : 85.8492
loss : 3.1072, time : 86.0629
loss : 3.1205, time : 86.0553
loss : 3.0910, time : 86.0411
test loss : 3.1014116310209165
loss : 3.1049, time : 86.0217
loss : 3.1157, time : 85.9334
loss : 3.1113, time : 85.9361
loss : 3.1027, time : 85.9205
loss : 3.1176, time : 85.9772
loss : 3.0966, time : 86.0342
loss : 3.1272, time : 85.9615
loss : 3.0968, time : 86.0478
loss : 3.1071, time : 85.9907
loss : 3.0948, time : 86.1043
loss : 3.1082, time : 86.1659
loss : 3.1298, time : 86.0469
loss : 3.0998, time : 86.0443
loss : 3.1082, time : 86.0739
loss : 3.1068, time : 85.9523
test loss : 3.0968566560884634
sampling...
loss : 3.1130, time : 85.7628
loss : 3.0997, time : 85.3407
loss : 3.1236, time : 85.3165
loss : 3.1217, time : 85.4103
loss : 3.0977, time : 86.0640
loss : 3.0966, time : 86.1957
loss : 3.0908, time : 86.2555
loss : 3.1092, time : 86.1697
loss : 3.0942, time : 86.1300
loss : 3.0892, time : 86.1820
loss : 3.1058, time : 86.1310
loss : 3.1266, time : 86.4553
loss : 3.1262, time : 86.1410
loss : 3.0896, time : 86.1155
loss : 3.0897, time : 86.1548
test loss : 3.083270260418765
loss : 3.0915, time : 86.4672
loss : 3.0977, time : 86.9913
loss : 3.1033, time : 86.6790
loss : 3.0851, time : 86.4859
loss : 3.1004, time : 86.3448
loss : 3.1284, time : 86.2618
loss : 3.1132, time : 86.2653
loss : 3.1071, time : 86.3156
loss : 3.1052, time : 86.6050
loss : 3.1038, time : 86.3476
loss : 3.0992, time : 86.5846
loss : 3.1058, time : 86.3397
loss : 3.1032, time : 86.5713
loss : 3.1278, time : 86.5205
loss : 3.0965, time : 86.4543
test loss : 3.081253536376473
loss : 3.0806, time : 86.2292
loss : 3.0998, time : 86.2309
loss : 3.1213, time : 86.2589
loss : 3.1108, time : 86.3612
loss : 3.0839, time : 86.2937
loss : 3.1300, time : 86.6120
loss : 3.0897, time : 86.3665
loss : 3.1129, time : 86.3361
loss : 3.1079, time : 86.4121
loss : 3.1264, time : 86.3542
loss : 3.0911, time : 86.4138
loss : 3.0820, time : 86.4396
loss : 3.1098, time : 86.4095
loss : 3.0844, time : 86.3860
loss : 3.1114, time : 86.7005
test loss : 3.087266521785825
loss : 3.0909, time : 86.4995
loss : 3.0849, time : 86.3059
loss : 3.0821, time : 86.2786
loss : 3.1190, time : 86.5813
loss : 3.1309, time : 86.4083
loss : 3.0932, time : 86.2834
loss : 3.1146, time : 86.2300
loss : 3.0930, time : 86.2504
loss : 3.0998, time : 86.4083
loss : 3.1198, time : 86.1781
loss : 3.0812, time : 86.4867
loss : 3.0943, time : 86.4748
loss : 3.0978, time : 86.2957
loss : 3.1039, time : 86.1147
loss : 3.0990, time : 86.2451
test loss : 3.075319087491884
loss : 3.0836, time : 86.6885
loss : 3.1102, time : 86.4294
loss : 3.1016, time : 86.3727
loss : 3.0875, time : 86.3001
loss : 3.1042, time : 86.3452
loss : 3.1061, time : 86.2679
loss : 3.1085, time : 86.4479
loss : 3.1158, time : 86.4001
loss : 3.0983, time : 85.7377
loss : 3.1044, time : 85.6427
loss : 3.0906, time : 85.8209
loss : 3.0900, time : 85.8418
loss : 3.1002, time : 85.8925
loss : 3.0997, time : 85.8890
loss : 3.0675, time : 85.8301
test loss : 3.090738257519353
sampling...
loss : 3.0960, time : 85.5418
loss : 3.0856, time : 85.2933
loss : 3.1051, time : 85.3269
loss : 3.1011, time : 85.3659
loss : 3.0821, time : 85.4785
loss : 3.1097, time : 85.3507
loss : 3.0993, time : 85.3559
loss : 3.0879, time : 85.4692
loss : 3.0904, time : 85.6411
loss : 3.1335, time : 85.5342
loss : 3.0911, time : 85.8577
loss : 3.0929, time : 86.0458
loss : 3.1227, time : 86.0002
loss : 3.0855, time : 86.0323
loss : 3.1083, time : 85.8809
test loss : 3.084161203041846
loss : 3.1125, time : 85.8157
loss : 3.0815, time : 85.7714
loss : 3.1005, time : 85.6326
loss : 3.0867, time : 85.6241
loss : 3.1121, time : 85.7723
loss : 3.0865, time : 85.5573
loss : 3.1154, time : 85.7498
loss : 3.0940, time : 85.7780
loss : 3.1138, time : 85.7009
loss : 3.0785, time : 85.6727
loss : 3.0837, time : 85.6575
loss : 3.1036, time : 85.9182
loss : 3.1104, time : 85.6621
loss : 3.0920, time : 85.8144
loss : 3.0924, time : 85.6871
test loss : 3.08356317239319
loss : 3.0932, time : 85.7291
loss : 3.0847, time : 85.8771
loss : 3.1351, time : 85.4437
loss : 3.1025, time : 85.5155
loss : 3.0840, time : 85.5986
loss : 3.0981, time : 85.6802
loss : 3.1026, time : 85.5376
loss : 3.1072, time : 85.5522
loss : 3.0789, time : 85.7891
loss : 3.0831, time : 86.0707
loss : 3.0896, time : 85.7446
loss : 3.0836, time : 85.7713
loss : 3.0723, time : 85.6470
loss : 3.1208, time : 85.5034
loss : 3.1043, time : 85.8889
test loss : 3.0733919571643127
loss : 3.0712, time : 85.5302
loss : 3.0762, time : 85.6111
loss : 3.0811, time : 85.5860
loss : 3.1072, time : 85.4131
loss : 3.0733, time : 85.3688
loss : 3.0904, time : 85.5023
loss : 3.0779, time : 85.6870
loss : 3.0988, time : 85.5467
loss : 3.0933, time : 85.5154
loss : 3.0807, time : 85.5973
loss : 3.0875, time : 85.6873
loss : 3.1057, time : 85.8236
loss : 3.0920, time : 85.9569
loss : 3.0926, time : 85.8615
loss : 3.1097, time : 85.9892
test loss : 3.06635767737818
loss : 3.0840, time : 85.4242
loss : 3.0948, time : 85.4618
loss : 3.0991, time : 85.5972
loss : 3.0992, time : 85.8045
loss : 3.0993, time : 85.6399
loss : 3.0969, time : 85.7580
loss : 3.0883, time : 85.9541
loss : 3.0947, time : 86.0017
loss : 3.0658, time : 86.1070
loss : 3.1007, time : 86.0898
loss : 3.0974, time : 86.1445
loss : 3.0731, time : 86.2174
loss : 3.0839, time : 86.1845
loss : 3.0963, time : 86.1171
loss : 3.0967, time : 85.8845
test loss : 3.0721784431415626
sampling...
loss : 3.0806, time : 85.9494
loss : 3.1130, time : 86.1473
loss : 3.0919, time : 86.1090
loss : 3.0708, time : 86.0394
loss : 3.0782, time : 85.5297
loss : 3.1031, time : 85.9157
loss : 3.0982, time : 85.8049
loss : 3.0646, time : 85.4252
loss : 3.0963, time : 85.1930
loss : 3.0841, time : 85.2740
loss : 3.0752, time : 85.6066
loss : 3.1051, time : 85.1461
loss : 3.1119, time : 85.2482
loss : 3.0887, time : 85.5255
loss : 3.0985, time : 85.4637
test loss : 3.089220237302523
loss : 3.0929, time : 85.4777
loss : 3.0635, time : 85.4812
loss : 3.0982, time : 85.5596
loss : 3.1021, time : 85.5565
loss : 3.0704, time : 85.5629
loss : 3.0999, time : 85.8509
loss : 3.0868, time : 86.9397
loss : 3.0844, time : 87.8999
loss : 3.0988, time : 87.5994
loss : 3.1067, time : 89.4123
loss : 3.0642, time : 85.8057
loss : 3.0925, time : 85.9492
loss : 3.1008, time : 85.9985
loss : 3.0848, time : 85.9813
loss : 3.0679, time : 85.9314
test loss : 3.0696607384454246
loss : 3.0916, time : 86.0145
loss : 3.1077, time : 85.6977
loss : 3.0737, time : 85.7614
loss : 3.0904, time : 85.9338
loss : 3.0868, time : 85.9209
loss : 3.0833, time : 85.9364
loss : 3.0792, time : 86.1931
loss : 3.0610, time : 86.2053
loss : 3.0852, time : 85.6470
loss : 3.0658, time : 85.7393
loss : 3.0940, time : 85.9429
loss : 3.0930, time : 85.9114
loss : 3.0988, time : 85.7523
loss : 3.0916, time : 85.7845
loss : 3.0741, time : 85.5295
test loss : 3.0617930240758184
loss : 3.1001, time : 86.1237
loss : 3.0948, time : 85.8708
loss : 3.1005, time : 85.7248
loss : 3.0764, time : 85.9947
loss : 3.0847, time : 85.8154
loss : 3.0624, time : 86.0907
loss : 3.0772, time : 85.9577
loss : 3.0792, time : 85.8781
loss : 3.0959, time : 85.9514
loss : 3.0876, time : 85.9756
loss : 3.0805, time : 85.4898
loss : 3.0769, time : 85.4840
loss : 3.0908, time : 85.4545
loss : 3.0898, time : 85.4263
loss : 3.0762, time : 85.6060
test loss : 3.0626721209777346
loss : 3.0833, time : 85.8714
loss : 3.1028, time : 85.8589
loss : 3.0759, time : 85.8499
loss : 3.0793, time : 85.9888
loss : 3.0843, time : 85.5621
loss : 3.0892, time : 85.5345
loss : 3.0832, time : 85.6878
loss : 3.0941, time : 86.2725
loss : 3.0722, time : 85.8366
loss : 3.0754, time : 86.0269
loss : 3.0887, time : 86.0645
loss : 3.0855, time : 86.0057
loss : 3.0917, time : 85.7601
loss : 3.0912, time : 85.9386
loss : 3.1006, time : 85.7032
test loss : 3.0624249734017757
sampling...
loss : 3.0809, time : 85.7191
loss : 3.0548, time : 85.5096
loss : 3.0660, time : 85.7610
loss : 3.0861, time : 85.7185
loss : 3.0853, time : 86.2538
loss : 3.0710, time : 86.1923
loss : 3.0926, time : 85.9343
loss : 3.1167, time : 86.0084
loss : 3.0774, time : 86.1391
loss : 3.0641, time : 85.6619
loss : 3.0784, time : 85.8177
loss : 3.0812, time : 85.6590
loss : 3.0629, time : 85.5051
loss : 3.0953, time : 85.4206
loss : 3.0931, time : 85.5881
test loss : 3.0729755194830792
loss : 3.0796, time : 85.4776
loss : 3.0836, time : 85.5772
loss : 3.0669, time : 85.6060
loss : 3.0694, time : 85.4448
loss : 3.0997, time : 85.5617
loss : 3.1034, time : 85.3829
loss : 3.0620, time : 85.5697
loss : 3.0846, time : 85.5873
loss : 3.0609, time : 85.6036
loss : 3.0917, time : 85.5477
loss : 3.0857, time : 85.7010
loss : 3.0696, time : 86.2516
loss : 3.0863, time : 86.2755
loss : 3.1010, time : 86.1684
loss : 3.0869, time : 86.3881
test loss : 3.0643939816897596
loss : 3.0791, time : 86.0313
loss : 3.0853, time : 86.2915
loss : 3.0812, time : 86.1977
loss : 3.0918, time : 86.3900
loss : 3.0676, time : 86.3573
loss : 3.0731, time : 86.2920
loss : 3.0938, time : 86.1231
loss : 3.0809, time : 85.8653
loss : 3.0648, time : 86.1976
loss : 3.0709, time : 86.1903
loss : 3.0738, time : 86.0106
loss : 3.0595, time : 85.9634
loss : 3.0848, time : 85.9324
loss : 3.0686, time : 85.8896
loss : 3.0901, time : 85.8341
test loss : 3.0615855057408803
loss : 3.0821, time : 85.5378
loss : 3.0889, time : 85.7705
loss : 3.0635, time : 85.7300
loss : 3.0955, time : 85.5329
loss : 3.0757, time : 85.9570
loss : 3.0799, time : 85.9041
loss : 3.0665, time : 85.5905
loss : 3.0741, time : 85.6449
loss : 3.0593, time : 85.5902
loss : 3.1082, time : 85.5329
loss : 3.0841, time : 85.4677
loss : 3.1350, time : 85.4972
loss : 3.0844, time : 85.9960
loss : 3.0887, time : 85.3624
loss : 3.0769, time : 85.5692
test loss : 3.058073983947742
loss : 3.0890, time : 86.7559
loss : 3.0685, time : 85.5000
loss : 3.0757, time : 85.5562
loss : 3.0514, time : 85.5429
loss : 3.0684, time : 85.4692
loss : 3.0836, time : 85.7221
loss : 3.0781, time : 85.9073
loss : 3.0915, time : 85.3918
loss : 3.0912, time : 85.6436
loss : 3.0648, time : 85.6156
loss : 3.0576, time : 85.6266
loss : 3.0675, time : 85.4433
loss : 3.0899, time : 85.4974
loss : 3.0857, time : 85.5937
loss : 3.0801, time : 85.5704
test loss : 3.065126382198607
sampling...
loss : 3.0597, time : 85.7357
loss : 3.0869, time : 85.7886
loss : 3.0636, time : 85.8808
loss : 3.0992, time : 85.5901
loss : 3.0716, time : 85.7495
loss : 3.0807, time : 85.8752
loss : 3.0742, time : 85.5151
loss : 3.0722, time : 85.7604
loss : 3.0895, time : 85.4207
loss : 3.0830, time : 85.8452
loss : 3.0583, time : 85.4436
loss : 3.0672, time : 85.7764
loss : 3.0805, time : 86.2222
loss : 3.0636, time : 85.9452
loss : 3.0687, time : 85.9340
test loss : 3.063108922884251
loss : 3.0760, time : 85.9430
loss : 3.0867, time : 85.8205
loss : 3.0771, time : 86.1265
loss : 3.0745, time : 86.0991
loss : 3.0709, time : 86.1641
loss : 3.0671, time : 86.1583
loss : 3.0657, time : 86.5144
loss : 3.0718, time : 86.1921
loss : 3.1068, time : 86.3541
loss : 3.0759, time : 86.3508
loss : 3.0755, time : 86.3907
loss : 3.0728, time : 86.1682
loss : 3.0745, time : 86.5734
loss : 3.0863, time : 86.4793
loss : 3.0786, time : 86.6269
test loss : 3.053864521791018
loss : 3.0563, time : 86.0009
loss : 3.0730, time : 85.8864
loss : 3.0773, time : 85.9262
loss : 3.0979, time : 85.6520
loss : 3.0573, time : 85.6573
loss : 3.0785, time : 85.7018
loss : 3.0517, time : 85.8408
loss : 3.0762, time : 85.5997
loss : 3.0778, time : 86.0649
loss : 3.0698, time : 86.0031
loss : 3.0701, time : 85.8055
loss : 3.0648, time : 86.1435
loss : 3.0901, time : 86.2316
loss : 3.0777, time : 86.2514
loss : 3.0891, time : 86.9410
test loss : 3.05886603025904
loss : 3.0603, time : 85.9975
loss : 3.0706, time : 86.3871
loss : 3.0510, time : 86.1363
loss : 3.0795, time : 86.1725
loss : 3.0730, time : 86.3663
loss : 3.0689, time : 86.4488
loss : 3.0730, time : 86.6327
loss : 3.0961, time : 85.8778
loss : 3.0735, time : 86.3177
loss : 3.0623, time : 86.1406
loss : 3.0520, time : 86.1241
loss : 3.0735, time : 85.8364
loss : 3.0882, time : 85.7728
loss : 3.0724, time : 85.8339
loss : 3.0698, time : 85.8039
test loss : 3.052138864885598
loss : 3.0689, time : 85.5362
loss : 3.0656, time : 85.5463
loss : 3.0636, time : 85.5704
loss : 3.0775, time : 85.8388
loss : 3.0667, time : 85.5369
loss : 3.0675, time : 85.5352
loss : 3.0762, time : 86.0102
loss : 3.0791, time : 86.0901
loss : 3.0790, time : 88.2677
loss : 3.0761, time : 87.3435
loss : 3.0675, time : 85.6195
loss : 3.0702, time : 85.4883
loss : 3.0479, time : 85.5959
loss : 3.0609, time : 85.6278
loss : 3.1059, time : 85.7060
test loss : 3.06608921578888
sampling...
loss : 3.0661, time : 85.7202
loss : 3.0797, time : 85.7659
loss : 3.0732, time : 85.3326
loss : 3.0379, time : 85.3832
loss : 3.0770, time : 85.5479
loss : 3.0524, time : 84.9747
loss : 3.0557, time : 85.2775
loss : 3.0855, time : 85.3312
loss : 3.0787, time : 85.4966
loss : 3.0643, time : 85.2669
loss : 3.0834, time : 85.5700
loss : 3.0698, time : 85.9299
loss : 3.0794, time : 85.1894
loss : 3.0651, time : 85.2517
loss : 3.0639, time : 85.3361
test loss : 3.063838666353606
loss : 3.0654, time : 85.5064
loss : 3.0612, time : 85.5025
loss : 3.0621, time : 85.8164
loss : 3.0722, time : 85.5955
loss : 3.0535, time : 85.9040
loss : 3.0810, time : 86.0185
loss : 3.0883, time : 85.9034
loss : 3.0849, time : 85.5330
loss : 3.0549, time : 85.5796
loss : 3.0660, time : 85.5095
loss : 3.0627, time : 85.6395
loss : 3.0689, time : 85.5821
loss : 3.0545, time : 85.4039
loss : 3.0809, time : 85.4052
loss : 3.0604, time : 85.4591
test loss : 3.0529087568726228
loss : 3.0756, time : 85.5106
loss : 3.0651, time : 85.9648
loss : 3.0530, time : 85.5628
loss : 3.0721, time : 85.5091
loss : 3.0695, time : 85.5368
loss : 3.0681, time : 85.4704
loss : 3.0731, time : 85.3962
loss : 3.0722, time : 85.3193
loss : 3.0481, time : 85.3881
loss : 3.0497, time : 85.3771
loss : 3.0680, time : 85.3472
loss : 3.0812, time : 85.4503
loss : 3.0947, time : 85.2805
loss : 3.0592, time : 85.2213
loss : 3.0621, time : 85.2174
test loss : 3.055646026826073
loss : 3.0796, time : 85.5433
loss : 3.0649, time : 85.2153
loss : 3.0656, time : 85.3705
loss : 3.0702, time : 85.3637
loss : 3.0652, time : 85.4251
loss : 3.0709, time : 85.3974
loss : 3.0529, time : 85.2099
loss : 3.0589, time : 85.5059
loss : 3.0580, time : 85.4624
loss : 3.0602, time : 85.5238
loss : 3.0581, time : 85.3112
loss : 3.0930, time : 85.3028
loss : 3.0772, time : 85.6976
loss : 3.0602, time : 85.4786
loss : 3.0633, time : 85.5090
test loss : 3.053102063892772
loss : 3.0889, time : 85.4478
loss : 3.0597, time : 85.2977
loss : 3.0569, time : 85.6024
loss : 3.0582, time : 85.9515
loss : 3.0556, time : 85.9436
loss : 3.0717, time : 85.7397
loss : 3.0651, time : 85.4887
loss : 3.0737, time : 85.7670
loss : 3.0544, time : 85.4911
loss : 3.0408, time : 85.6905
loss : 3.0611, time : 85.3943
loss : 3.0633, time : 85.4287
loss : 3.0782, time : 85.2610
loss : 3.0906, time : 85.7779
loss : 3.0632, time : 85.6661
test loss : 3.0473854404668077
sampling...
loss : 3.0590, time : 85.5144
loss : 3.0667, time : 85.4513
loss : 3.0628, time : 85.5508
loss : 3.0654, time : 85.6952
loss : 3.0598, time : 85.5581
loss : 3.0509, time : 85.6493
loss : 3.0813, time : 86.2105
loss : 3.0720, time : 85.8632
loss : 3.0659, time : 85.9640
loss : 3.0447, time : 85.8807
loss : 3.0626, time : 86.0342
loss : 3.0628, time : 85.4272
loss : 3.0725, time : 85.2719
loss : 3.0772, time : 85.3933
loss : 3.0804, time : 85.3667
test loss : 3.046308209195153
loss : 3.0500, time : 85.2888
loss : 3.0773, time : 85.2005
loss : 3.0717, time : 85.3763
loss : 3.0745, time : 85.7173
loss : 3.0521, time : 85.1819
loss : 3.0806, time : 85.0400
loss : 3.0457, time : 85.3807
loss : 3.0694, time : 85.1388
loss : 3.0579, time : 85.8090
loss : 3.0603, time : 85.4683
loss : 3.0544, time : 85.4391
loss : 3.0579, time : 85.2599
loss : 3.0850, time : 85.3437
loss : 3.0542, time : 85.6450
loss : 3.0555, time : 85.6167
test loss : 3.0767671074411163
loss : 3.0723, time : 85.3252
loss : 3.0852, time : 85.3249
loss : 3.0460, time : 85.7157
loss : 3.0757, time : 85.6701
loss : 3.0676, time : 85.5520
loss : 3.0646, time : 85.4483
loss : 3.0407, time : 85.2531
loss : 3.0709, time : 85.3021
loss : 3.0805, time : 85.3144
loss : 3.0583, time : 85.5019
loss : 3.0648, time : 85.3877
loss : 3.0727, time : 85.1632
loss : 3.0450, time : 85.1116
loss : 3.0503, time : 85.5676
loss : 3.0441, time : 85.4124
test loss : 3.0564458741224714
loss : 3.0614, time : 85.6099
loss : 3.0669, time : 85.0616
loss : 3.0437, time : 85.2945
loss : 3.0663, time : 85.2946
loss : 3.0482, time : 85.4346
loss : 3.0575, time : 85.3172
loss : 3.0237, time : 85.5319
loss : 3.0729, time : 85.6971
loss : 3.0678, time : 85.3927
loss : 3.0619, time : 85.2297
loss : 3.0531, time : 85.4672
loss : 3.0619, time : 85.6103
loss : 3.0542, time : 85.2386
loss : 3.0719, time : 85.3252
loss : 3.0617, time : 85.4184
test loss : 3.0496059044036903
loss : 3.0564, time : 85.4032
loss : 3.0616, time : 85.2319
loss : 3.0627, time : 85.6017
loss : 3.0698, time : 85.6756
loss : 3.0806, time : 85.7775
loss : 3.0711, time : 85.6700
loss : 3.0647, time : 85.7299
loss : 3.0541, time : 85.7930
loss : 3.0536, time : 85.6968
loss : 3.0869, time : 85.6113
loss : 3.0643, time : 85.4200
loss : 3.0677, time : 85.4454
loss : 3.0522, time : 85.2710
loss : 3.0174, time : 85.4186
loss : 3.0529, time : 85.7538
test loss : 3.0480668527428634
sampling...
loss : 3.0579, time : 85.9267
loss : 3.0446, time : 85.7808
loss : 3.0621, time : 85.7450
loss : 3.0651, time : 85.6353
loss : 3.0642, time : 85.8433
loss : 3.0696, time : 85.6500
loss : 3.0738, time : 85.2160
loss : 3.0530, time : 85.5399
loss : 3.0653, time : 85.4931
loss : 3.0473, time : 85.4944
loss : 3.0384, time : 85.6810
loss : 3.0622, time : 86.0129
loss : 3.0847, time : 85.8002
loss : 3.0558, time : 85.5750
loss : 3.0636, time : 85.3823
test loss : 3.044679757623711
loss : 3.0568, time : 85.5841
loss : 3.0522, time : 85.6767
loss : 3.0696, time : 85.5715
loss : 3.0403, time : 85.7518
loss : 3.0459, time : 86.5100
loss : 3.0535, time : 86.4906
loss : 3.0672, time : 85.7821
loss : 3.0542, time : 85.6487
loss : 3.0600, time : 85.4693
loss : 3.0425, time : 85.3921
loss : 3.0725, time : 85.6624
loss : 3.0621, time : 85.7965
loss : 3.0593, time : 86.0249
loss : 3.0729, time : 85.7315
loss : 3.0538, time : 85.5867
test loss : 3.0506016787742136
loss : 3.0524, time : 85.2905
loss : 3.0678, time : 85.1693
loss : 3.0579, time : 85.5507
loss : 3.0542, time : 85.7927
loss : 3.0351, time : 85.2845
loss : 3.0752, time : 85.4492
loss : 3.0524, time : 85.4552
loss : 3.0655, time : 85.1369
loss : 3.0508, time : 85.1532
loss : 3.0515, time : 85.7390
loss : 3.0325, time : 85.5023
loss : 3.0706, time : 85.7866
loss : 3.0753, time : 85.6956
loss : 3.0612, time : 85.7486
loss : 3.0496, time : 86.3881
test loss : 3.043784147428471
loss : 3.0422, time : 85.4409
loss : 3.0751, time : 85.1349
loss : 3.0528, time : 85.8808
loss : 3.0617, time : 85.5506
loss : 3.0358, time : 85.7105
loss : 3.0722, time : 85.6962
loss : 3.0598, time : 85.5482
loss : 3.0474, time : 85.7352
loss : 3.0693, time : 85.6475
loss : 3.0522, time : 86.0589
loss : 3.0585, time : 86.3102
loss : 3.0532, time : 86.2066
loss : 3.0555, time : 85.8583
loss : 3.0418, time : 85.6253
loss : 3.0630, time : 85.6937
test loss : 3.0468237044450217
loss : 3.0485, time : 85.7108
loss : 3.0488, time : 85.3550
loss : 3.0658, time : 85.4956
loss : 3.0491, time : 85.7452
loss : 3.0666, time : 85.7345
loss : 3.0672, time : 85.2957
loss : 3.0531, time : 85.1696
loss : 3.0408, time : 85.4880
loss : 3.0537, time : 85.4982
loss : 3.0660, time : 85.4078
loss : 3.0585, time : 85.5726
loss : 3.0303, time : 85.7860
loss : 3.0597, time : 85.7981
loss : 3.0493, time : 85.5463
loss : 3.0525, time : 85.4605
test loss : 3.0565963800237204
sampling...
loss : 3.0584, time : 85.5122
loss : 3.0449, time : 85.1573
loss : 3.0380, time : 85.5017
loss : 3.0466, time : 85.1671
loss : 3.0309, time : 85.5497
loss : 3.0722, time : 85.6229
loss : 3.0627, time : 85.3719
loss : 3.0612, time : 85.6278
loss : 3.0570, time : 85.3725
loss : 3.0619, time : 85.4768
loss : 3.0639, time : 85.3745
loss : 3.0453, time : 85.2623
loss : 3.0642, time : 85.3304
loss : 3.0585, time : 85.5530
loss : 3.0525, time : 85.4649
test loss : 3.0413543765370807
loss : 3.0552, time : 85.2505
loss : 3.0644, time : 85.3364
loss : 3.0453, time : 85.4429
loss : 3.0470, time : 85.1380
loss : 3.0602, time : 85.1276
loss : 3.0394, time : 85.0683
loss : 3.0561, time : 85.4424
loss : 3.0534, time : 85.4306
loss : 3.0404, time : 85.4122
loss : 3.0471, time : 85.4184
loss : 3.0668, time : 85.4676
loss : 3.0473, time : 85.6623
loss : 3.0651, time : 85.2499
loss : 3.0428, time : 85.3815
loss : 3.0526, time : 85.5124
test loss : 3.0415541131193864
loss : 3.0207, time : 85.4600
loss : 3.0410, time : 85.2357
loss : 3.0556, time : 85.3902
loss : 3.0571, time : 85.4976
loss : 3.0540, time : 85.3318
loss : 3.0565, time : 85.6254
loss : 3.0516, time : 85.4781
loss : 3.0486, time : 85.2797
loss : 3.0659, time : 85.4783
loss : 3.0554, time : 85.4958
loss : 3.0647, time : 85.3315
loss : 3.0518, time : 85.2618
loss : 3.0493, time : 85.4866
loss : 3.0355, time : 85.4139
loss : 3.0650, time : 85.3167
test loss : 3.036931448774395
loss : 3.0606, time : 85.3415
loss : 3.0752, time : 85.6108
loss : 3.0570, time : 85.2146
loss : 3.0416, time : 85.3188
loss : 3.0453, time : 85.4074
loss : 3.0510, time : 85.3774
loss : 3.0525, time : 85.2734
loss : 3.0348, time : 85.3065
loss : 3.0467, time : 85.3485
loss : 3.0498, time : 85.4132
loss : 3.0660, time : 85.2605
loss : 3.0487, time : 85.7570
loss : 3.0376, time : 85.4077
loss : 3.0557, time : 85.4788
loss : 3.0612, time : 85.2970
test loss : 3.0373247142899475
loss : 3.0249, time : 85.5023
loss : 3.0689, time : 85.1184
loss : 3.0550, time : 85.0462
loss : 3.0504, time : 84.9507
loss : 3.0627, time : 85.1731
loss : 3.0507, time : 85.3089
loss : 3.0638, time : 85.3899
loss : 3.0599, time : 85.1993
loss : 3.0834, time : 85.2970
loss : 3.0471, time : 85.1951
loss : 3.0365, time : 85.1219
loss : 3.0359, time : 85.0990
loss : 3.0439, time : 85.2950
loss : 3.0323, time : 85.3301
loss : 3.0696, time : 85.1552
test loss : 3.0365365869639587
sampling...
loss : 3.0492, time : 85.1768
loss : 3.0518, time : 85.3695
loss : 3.0648, time : 85.1502
loss : 3.0180, time : 85.2033
loss : 3.0283, time : 85.1966
loss : 3.0543, time : 85.0835
loss : 3.0510, time : 85.0219
loss : 3.0448, time : 85.4650
loss : 3.0460, time : 85.8418
loss : 3.0654, time : 85.8867
loss : 3.0486, time : 85.3601
loss : 3.0520, time : 85.1384
loss : 3.0582, time : 85.4124
loss : 3.0677, time : 85.6486
loss : 3.0543, time : 85.4009
test loss : 3.039412184227846
loss : 3.0512, time : 85.5211
loss : 3.0523, time : 85.7060
loss : 3.0367, time : 85.4459
loss : 3.0530, time : 85.6822
loss : 3.0725, time : 85.6655
loss : 3.0525, time : 85.4743
loss : 3.0311, time : 85.5991
loss : 3.0613, time : 85.3845
loss : 3.0443, time : 86.1909
loss : 3.0253, time : 86.1562
loss : 3.0606, time : 86.4214
loss : 3.0271, time : 85.9159
loss : 3.0626, time : 85.7955
loss : 3.0357, time : 85.3811
loss : 3.0565, time : 85.7831
test loss : 3.0394429517391575
loss : 3.0183, time : 85.6906
loss : 3.0405, time : 85.6679
loss : 3.0351, time : 85.5919
loss : 3.0578, time : 85.4170
loss : 3.0573, time : 85.5159
loss : 3.0532, time : 85.6326
loss : 3.0624, time : 85.8882
loss : 3.0618, time : 86.6815
loss : 3.0578, time : 86.0918
loss : 3.0661, time : 86.0842
loss : 3.0307, time : 85.8434
loss : 3.0379, time : 85.8160
loss : 3.0365, time : 85.7202
loss : 3.0440, time : 85.7357
loss : 3.0338, time : 85.8663
test loss : 3.0333606968960103
loss : 3.0395, time : 85.5385
loss : 3.0549, time : 86.1877
loss : 3.0479, time : 85.5825
loss : 3.0442, time : 85.5759
loss : 3.0502, time : 85.4127
loss : 3.0529, time : 85.6658
loss : 3.0441, time : 86.4456
loss : 3.0514, time : 87.0787
loss : 3.0445, time : 88.5467
loss : 3.0415, time : 85.4791
loss : 3.0622, time : 85.7783
loss : 3.0429, time : 85.7032
loss : 3.0371, time : 85.2616
loss : 3.0416, time : 85.5307
loss : 3.0607, time : 85.3994
test loss : 3.0400049259476685
loss : 3.0601, time : 85.9698
loss : 3.0569, time : 85.4910
loss : 3.0310, time : 85.5735
loss : 3.0515, time : 85.6678
loss : 3.0378, time : 85.6329
loss : 3.0210, time : 85.5942
loss : 3.0429, time : 85.8998
loss : 3.0556, time : 86.1620
loss : 3.0350, time : 85.8035
loss : 3.0392, time : 86.2903
loss : 3.0568, time : 86.2913
loss : 3.0489, time : 86.4021
loss : 3.0498, time : 86.0331
loss : 3.0311, time : 85.9591
loss : 3.0506, time : 86.3419
test loss : 3.03725489599109
sampling...
loss : 3.0226, time : 86.1010
loss : 3.0371, time : 85.7804
loss : 3.0439, time : 86.2025
loss : 3.0348, time : 86.1079
loss : 3.0629, time : 86.3021
loss : 3.0831, time : 86.0693
loss : 3.0367, time : 86.3778
loss : 3.0480, time : 86.3278
loss : 3.0490, time : 86.4122
loss : 3.0292, time : 85.9852
loss : 3.0405, time : 86.1846
loss : 3.0533, time : 86.4032
loss : 3.0532, time : 86.0664
loss : 3.0359, time : 85.9918
loss : 3.0663, time : 86.2566
test loss : 3.0450379194460186
loss : 3.0454, time : 86.4209
loss : 3.0405, time : 86.2994
loss : 3.0487, time : 86.3302
loss : 3.0428, time : 86.1150
loss : 3.0590, time : 86.1349
loss : 3.0524, time : 85.9847
loss : 3.0336, time : 86.0032
loss : 3.0273, time : 86.5408
loss : 3.0447, time : 86.3415
loss : 3.0531, time : 86.3143
loss : 3.0338, time : 86.3638
loss : 3.0503, time : 86.4651
loss : 3.0414, time : 86.3941
loss : 3.0448, time : 86.3841
loss : 3.0566, time : 86.2428
test loss : 3.03168552669978
loss : 3.0144, time : 86.2048
loss : 3.0285, time : 86.2715
loss : 3.0619, time : 86.5495
loss : 3.0391, time : 85.9931
loss : 3.0710, time : 86.1045
loss : 3.0657, time : 86.2210
loss : 3.0546, time : 86.3619
loss : 3.0376, time : 86.3792
loss : 3.0603, time : 86.5743
loss : 3.0456, time : 86.2902
loss : 3.0319, time : 86.4565
loss : 3.0498, time : 86.5112
loss : 3.0401, time : 86.5949
loss : 3.0295, time : 86.4880
loss : 3.0448, time : 86.4864
test loss : 3.035336992810129
loss : 3.0410, time : 86.2805
loss : 3.0465, time : 85.8734
loss : 3.0109, time : 86.0675
loss : 3.0447, time : 86.0384
loss : 3.0274, time : 86.4993
loss : 3.0444, time : 86.3063
loss : 3.0394, time : 86.2540
loss : 3.0604, time : 86.2211
loss : 3.0641, time : 86.1998
loss : 3.0445, time : 86.1947
loss : 3.0144, time : 86.2385
loss : 3.0471, time : 86.3054
loss : 3.0419, time : 86.2053
loss : 3.0437, time : 86.4594
loss : 3.0578, time : 86.3717
test loss : 3.037133821684303
loss : 3.0326, time : 86.0922
loss : 3.0485, time : 86.1740
loss : 3.0481, time : 87.4545
loss : 3.0376, time : 87.1019
loss : 3.0501, time : 88.5881
loss : 3.0429, time : 86.0947
loss : 3.0362, time : 85.8706
loss : 3.0394, time : 85.6747
loss : 3.0461, time : 85.3937
loss : 3.0352, time : 85.5121
loss : 3.0369, time : 85.7547
loss : 3.0526, time : 85.6140
loss : 3.0515, time : 85.5091
loss : 3.0544, time : 85.8324
loss : 3.0325, time : 85.7406
test loss : 3.03766545297523
sampling...
loss : 3.0581, time : 85.9749
loss : 3.0467, time : 85.7020
loss : 3.0505, time : 85.8615
loss : 3.0525, time : 85.9997
loss : 3.0359, time : 85.6504
loss : 3.0265, time : 86.0272
loss : 3.0374, time : 85.6463
loss : 3.0357, time : 85.9723
loss : 3.0378, time : 85.7739
loss : 3.0486, time : 85.9030
loss : 3.0523, time : 85.5156
loss : 3.0594, time : 85.9971
loss : 3.0369, time : 85.8764
loss : 3.0307, time : 85.5527
loss : 3.0471, time : 85.5975
test loss : 3.0277796002371877
loss : 3.0321, time : 85.6913
loss : 3.0285, time : 85.7840
loss : 3.0299, time : 85.8563
loss : 3.0301, time : 85.9678
loss : 3.0444, time : 85.5906
loss : 3.0631, time : 85.8273
loss : 3.0423, time : 85.9949
loss : 3.0331, time : 85.7753
loss : 3.0325, time : 85.7386
loss : 3.0443, time : 85.8605
loss : 3.0385, time : 85.8222
loss : 3.0361, time : 85.6047
loss : 3.0490, time : 85.8384
loss : 3.0615, time : 85.5725
loss : 3.0491, time : 85.7118
test loss : 3.030515204362983
loss : 3.0489, time : 85.8748
loss : 3.0366, time : 85.8039
loss : 3.0217, time : 86.0608
loss : 3.0287, time : 85.4839
loss : 3.0365, time : 85.7721
loss : 3.0375, time : 85.7173
loss : 3.0340, time : 85.5003
loss : 3.0156, time : 85.4140
loss : 3.0588, time : 85.9131
loss : 3.0514, time : 85.9547
loss : 3.0609, time : 85.8979
loss : 3.0569, time : 85.4325
loss : 3.0276, time : 85.7075
loss : 3.0185, time : 85.5994
loss : 3.0542, time : 86.1153
test loss : 3.0296906241121144
loss : 3.0160, time : 85.8401
loss : 3.0454, time : 86.0565
loss : 3.0421, time : 85.6906
loss : 3.0405, time : 85.7581
loss : 3.0384, time : 85.8568
loss : 3.0654, time : 85.9094
loss : 3.0378, time : 85.7758
loss : 3.0421, time : 85.7910
loss : 3.0505, time : 86.2586
loss : 3.0554, time : 85.8901
loss : 3.0393, time : 85.7375
loss : 3.0309, time : 85.6469
loss : 3.0398, time : 85.9356
loss : 3.0385, time : 85.8303
loss : 3.0082, time : 85.9076
test loss : 3.0331492137137235
loss : 3.0204, time : 85.7852
loss : 3.0388, time : 85.7450
loss : 3.0301, time : 85.5909
loss : 3.0451, time : 85.7455
loss : 3.0405, time : 85.7835
loss : 3.0358, time : 85.7945
loss : 3.0511, time : 85.7351
loss : 3.0166, time : 85.7852
loss : 3.0500, time : 85.5529
loss : 3.0532, time : 86.0691
loss : 3.0362, time : 86.1971
loss : 3.0372, time : 86.0978
loss : 3.0341, time : 85.8730
loss : 3.0471, time : 86.1298
loss : 3.0327, time : 86.1317
test loss : 3.0348416383930243
sampling...
loss : 3.0304, time : 86.0390
loss : 3.0291, time : 85.6800
loss : 3.0405, time : 85.6642
loss : 3.0372, time : 85.9253
loss : 3.0423, time : 85.5623
loss : 3.0467, time : 86.1920
loss : 3.0175, time : 85.9677
loss : 3.0265, time : 86.3002
loss : 3.0481, time : 85.4956
loss : 3.0443, time : 85.7109
loss : 3.0563, time : 85.8940
loss : 3.0403, time : 85.8546
loss : 3.0419, time : 85.8762
loss : 3.0442, time : 85.8950
loss : 3.0403, time : 86.0514
test loss : 3.029203734939984
loss : 3.0516, time : 86.1040
loss : 3.0307, time : 85.5421
loss : 3.0401, time : 85.6673
loss : 3.0364, time : 86.0707
loss : 3.0208, time : 85.9432
loss : 3.0279, time : 86.0168
loss : 3.0301, time : 85.5454
loss : 3.0365, time : 85.7364
loss : 3.0545, time : 85.7512
